<?xml version="1.0" encoding="UTF-8"?>
<!-- Generated by org.testng.reporters.JUnitReportReporter -->
<testsuite hostname="LAPTOP-S83RET8H" failures="0" tests="8" name="test.ZeodhaLoginPageTest" time="64.046" errors="0" timestamp="2022-06-30T14:43:41 IST" skipped="0">
  <testcase classname="test.ZeodhaLoginPageTest" name="loginTest" time="9.645"/>
  <system-out/>
  <testcase classname="test.ZeodhaLoginPageTest" name="ForgotUserId" time="8.402"/>
  <system-out/>
  <testcase classname="test.ZeodhaLoginPageTest" name="SignUp" time="8.415"/>
  <system-out/>
  <testcase classname="test.ZeodhaLoginPageTest" name="forgot" time="6.748"/>
  <system-out/>
  <testcase classname="test.ZeodhaLoginPageTest" name="downloadKite" time="12.368"/>
  <system-out/>
  <testcase classname="test.ZeodhaLoginPageTest" name="downloadFromApple" time="6.503"/>
  <system-out/>
  <testcase classname="test.ZeodhaLoginPageTest" name="signup" time="6.062"/>
  <system-out/>
  <testcase classname="test.ZeodhaLoginPageTest" name="forgotUser" time="5.903"/>
  <system-out/>
</testsuite> <!-- test.ZeodhaLoginPageTest -->
